<?xml version="1.0" encoding="UTF-8"?>
<!-- Generated by org.testng.reporters.JUnitReportReporter -->
<testsuite skipped="0" hostname="INBLRNB0299" name="tests.MediaLinksVerfication" tests="1" failures="0" timestamp="30 Nov 2019 12:40:27 GMT" time="3.409" errors="0">
  <testcase name="f" time="3.409" classname="tests.MediaLinksVerfication"/>
</testsuite> <!-- tests.MediaLinksVerfication -->
